Arguments: 
  C:\Program Files\nodejs\node.exe C:\Users\KZ\AppData\Roaming\npm\node_modules\yarn\bin\yarn.js add @prisma/cli

PATH: 
  C:\Users\KZ\bin;C:\Program Files\Git\mingw64\bin;C:\Program Files\Git\usr\local\bin;C:\Program Files\Git\usr\bin;C:\Program Files\Git\usr\bin;C:\Program Files\Git\mingw64\bin;C:\Program Files\Git\usr\bin;C:\Users\KZ\bin;C:\WINDOWS\system32;C:\WINDOWS;C:\WINDOWS\System32\Wbem;C:\WINDOWS\System32\WindowsPowerShell\v1.0;C:\Program Files\Git\cmd;C:\WINDOWS\System32\OpenSSH;C:\Program Files\Microsoft SQL Server\150\Tools\Binn;C:\Program Files\Microsoft SQL Server\Client SDK\ODBC\170\Tools\Binn;C:\Program Files\dotnet;C:\wamp64\bin\php\php8.2.13;C:\ProgramData\ComposerSetup\bin;C:\Program Files\nodejs;C:\Program Files\PostgreSQL\16\bin;C:\Ruby33-x64\bin;C:\Ruby33-x64\bin;C:\Users\KZ\scoop\shims;C:\Program Files\MySQL\MySQL Shell 8.0\bin;C:\Users\KZ\AppData\Local\Programs\Microsoft VS Code\bin;C:\Users\KZ\AppData\Local\Microsoft\WindowsApps;C:\Program Files\heroku\bin;C:\Users\KZ\.dotnet\tools;C:\Users\KZ\AppData\Roaming\Composer\vendor\bin;C:\Users\KZ\AppData\Roaming\npm;C:\Program Files\JetBrains\PhpStorm 2024.1\bin;C:\Program Files\Git\usr\bin\vendor_perl;C:\Program Files\Git\usr\bin\core_perl

Yarn version: 
  1.22.19

Node version: 
  20.11.1

Platform: 
  win32 x64

Trace: 
  Error: EPERM: operation not permitted, unlink 'C:\Users\KZ\Documents\Programming\gestion-moto-api-ben\node_modules\bcrypt\lib\binding\napi-v3\bcrypt_lib.node'

npm manifest: 
  {
    "name": "y",
    "version": "1.0.0",
    "description": "",
    "main": "index.js",
    "scripts": {
      "dev": "nodemon index.js",
      "build": "npm install && npx prisma generate && npx prisma db push",
      "test": "echo \"Error: no test specified\" && exit 1"
    },
    "author": "LeonardoRubuz",
    "license": "ISC",
    "dependencies": {
      "@prisma/client": "^5.16.1",
      "bcrypt": "^5.1.1",
      "cors": "^2.8.5",
      "dotenv": "^16.4.5",
      "express": "^4.19.2",
      "jsonwebtoken": "^9.0.2",
      "passport": "^0.7.0",
      "passport-custom": "^1.1.1",
      "passport-local": "^1.0.0"
    },
    "devDependencies": {
      "nodemon": "^3.1.3",
      "prisma": "^5.16.1"
    }
  }

yarn manifest: 
  No manifest

Lockfile: 
  No lockfile
